[INFO][main][2017-02-23 10:17:38][org.springframework.test.context.support.AbstractTestContextBootstrapper] - Loaded default TestExecutionListener class names from location [META-INF/spring.factories]: [org.springframework.test.context.web.ServletTestExecutionListener, org.springframework.test.context.support.DirtiesContextBeforeModesTestExecutionListener, org.springframework.test.context.support.DependencyInjectionTestExecutionListener, org.springframework.test.context.support.DirtiesContextTestExecutionListener, org.springframework.test.context.transaction.TransactionalTestExecutionListener, org.springframework.test.context.jdbc.SqlScriptsTestExecutionListener]
[INFO][main][2017-02-23 10:17:38][org.springframework.test.context.support.AbstractTestContextBootstrapper] - Using TestExecutionListeners: [org.springframework.test.context.web.ServletTestExecutionListener@2aa5fe93, org.springframework.test.context.support.DirtiesContextBeforeModesTestExecutionListener@5c1a8622, org.springframework.test.context.support.DependencyInjectionTestExecutionListener@5ad851c9, org.springframework.test.context.support.DirtiesContextTestExecutionListener@6156496, org.springframework.test.context.transaction.TransactionalTestExecutionListener@3c153a1, org.springframework.test.context.jdbc.SqlScriptsTestExecutionListener@b62fe6d]
[INFO][main][2017-02-23 10:17:39][org.springframework.beans.factory.xml.XmlBeanDefinitionReader] - Loading XML bean definitions from class path resource [spring-mvc.xml]
[INFO][main][2017-02-23 10:17:40][org.springframework.beans.factory.xml.XmlBeanDefinitionReader] - Loading XML bean definitions from class path resource [spring-mybatis.xml]
[INFO][main][2017-02-23 10:17:40][org.springframework.context.support.AbstractApplicationContext] - Refreshing org.springframework.context.support.GenericApplicationContext@647fd8ce: startup date [Thu Feb 23 10:17:40 CST 2017]; root of context hierarchy
[INFO][main][2017-02-23 10:17:40][org.springframework.core.io.support.PropertiesLoaderSupport] - Loading properties file from class path resource [jdbc.properties]
[INFO][main][2017-02-23 10:17:40][org.springframework.beans.factory.annotation.AutowiredAnnotationBeanPostProcessor] - JSR-330 'javax.inject.Inject' annotation found and supported for autowiring
[INFO][main][2017-02-23 10:17:41][org.springframework.web.servlet.handler.AbstractHandlerMethodMapping$MappingRegistry] - Mapped "{[/star/view/demo]}" onto public java.lang.String com.self.controller.StarScoreController.toStar()
[INFO][main][2017-02-23 10:17:41][org.springframework.web.servlet.handler.AbstractHandlerMethodMapping$MappingRegistry] - Mapped "{[/user/showUser]}" onto java.util.List<com.self.model.User> com.self.controller.UserController.showUser(javax.servlet.http.HttpServletRequest,org.springframework.ui.Model)
[INFO][main][2017-02-23 10:17:42][org.springframework.web.servlet.mvc.method.annotation.RequestMappingHandlerAdapter] - Looking for @ControllerAdvice: org.springframework.context.support.GenericApplicationContext@647fd8ce: startup date [Thu Feb 23 10:17:40 CST 2017]; root of context hierarchy
[INFO][main][2017-02-23 10:17:42][org.springframework.web.servlet.handler.AbstractUrlHandlerMapping] - Mapped URL path [/assets/**] onto handler 'org.springframework.web.servlet.resource.ResourceHttpRequestHandler#0'
[INFO][Thread-0][2017-02-23 10:17:42][org.springframework.context.support.AbstractApplicationContext] - Closing org.springframework.context.support.GenericApplicationContext@647fd8ce: startup date [Thu Feb 23 10:17:40 CST 2017]; root of context hierarchy
[INFO][main][2017-02-23 10:19:24][org.springframework.test.context.support.AbstractTestContextBootstrapper] - Loaded default TestExecutionListener class names from location [META-INF/spring.factories]: [org.springframework.test.context.web.ServletTestExecutionListener, org.springframework.test.context.support.DirtiesContextBeforeModesTestExecutionListener, org.springframework.test.context.support.DependencyInjectionTestExecutionListener, org.springframework.test.context.support.DirtiesContextTestExecutionListener, org.springframework.test.context.transaction.TransactionalTestExecutionListener, org.springframework.test.context.jdbc.SqlScriptsTestExecutionListener]
[INFO][main][2017-02-23 10:19:24][org.springframework.test.context.support.AbstractTestContextBootstrapper] - Using TestExecutionListeners: [org.springframework.test.context.web.ServletTestExecutionListener@2aa5fe93, org.springframework.test.context.support.DirtiesContextBeforeModesTestExecutionListener@5c1a8622, org.springframework.test.context.support.DependencyInjectionTestExecutionListener@5ad851c9, org.springframework.test.context.support.DirtiesContextTestExecutionListener@6156496, org.springframework.test.context.transaction.TransactionalTestExecutionListener@3c153a1, org.springframework.test.context.jdbc.SqlScriptsTestExecutionListener@b62fe6d]
[INFO][main][2017-02-23 10:19:24][org.springframework.beans.factory.xml.XmlBeanDefinitionReader] - Loading XML bean definitions from class path resource [spring-mybatis.xml]
[INFO][main][2017-02-23 10:19:24][org.springframework.beans.factory.xml.XmlBeanDefinitionReader] - Loading XML bean definitions from class path resource [spring-mvc.xml]
[INFO][main][2017-02-23 10:19:24][org.springframework.context.support.AbstractApplicationContext] - Refreshing org.springframework.context.support.GenericApplicationContext@647fd8ce: startup date [Thu Feb 23 10:19:24 CST 2017]; root of context hierarchy
[INFO][main][2017-02-23 10:19:25][org.springframework.core.io.support.PropertiesLoaderSupport] - Loading properties file from class path resource [jdbc.properties]
[INFO][main][2017-02-23 10:19:25][org.springframework.beans.factory.annotation.AutowiredAnnotationBeanPostProcessor] - JSR-330 'javax.inject.Inject' annotation found and supported for autowiring
[INFO][main][2017-02-23 10:19:26][org.springframework.web.servlet.handler.AbstractHandlerMethodMapping$MappingRegistry] - Mapped "{[/star/view/demo]}" onto public java.lang.String com.self.controller.StarScoreController.toStar()
[INFO][main][2017-02-23 10:19:26][org.springframework.web.servlet.handler.AbstractHandlerMethodMapping$MappingRegistry] - Mapped "{[/user/showUser]}" onto java.util.List<com.self.model.User> com.self.controller.UserController.showUser(javax.servlet.http.HttpServletRequest,org.springframework.ui.Model)
[INFO][main][2017-02-23 10:19:26][org.springframework.web.servlet.mvc.method.annotation.RequestMappingHandlerAdapter] - Looking for @ControllerAdvice: org.springframework.context.support.GenericApplicationContext@647fd8ce: startup date [Thu Feb 23 10:19:24 CST 2017]; root of context hierarchy
[INFO][main][2017-02-23 10:19:26][org.springframework.web.servlet.handler.AbstractUrlHandlerMapping] - Mapped URL path [/assets/**] onto handler 'org.springframework.web.servlet.resource.ResourceHttpRequestHandler#0'
[INFO][Thread-0][2017-02-23 10:19:26][org.springframework.context.support.AbstractApplicationContext] - Closing org.springframework.context.support.GenericApplicationContext@647fd8ce: startup date [Thu Feb 23 10:19:24 CST 2017]; root of context hierarchy
[INFO][main][2017-02-23 10:20:42][org.springframework.test.context.support.AbstractTestContextBootstrapper] - Loaded default TestExecutionListener class names from location [META-INF/spring.factories]: [org.springframework.test.context.web.ServletTestExecutionListener, org.springframework.test.context.support.DirtiesContextBeforeModesTestExecutionListener, org.springframework.test.context.support.DependencyInjectionTestExecutionListener, org.springframework.test.context.support.DirtiesContextTestExecutionListener, org.springframework.test.context.transaction.TransactionalTestExecutionListener, org.springframework.test.context.jdbc.SqlScriptsTestExecutionListener]
[INFO][main][2017-02-23 10:20:42][org.springframework.test.context.support.AbstractTestContextBootstrapper] - Using TestExecutionListeners: [org.springframework.test.context.web.ServletTestExecutionListener@2aa5fe93, org.springframework.test.context.support.DirtiesContextBeforeModesTestExecutionListener@5c1a8622, org.springframework.test.context.support.DependencyInjectionTestExecutionListener@5ad851c9, org.springframework.test.context.support.DirtiesContextTestExecutionListener@6156496, org.springframework.test.context.transaction.TransactionalTestExecutionListener@3c153a1, org.springframework.test.context.jdbc.SqlScriptsTestExecutionListener@b62fe6d]
[INFO][main][2017-02-23 10:20:42][org.springframework.beans.factory.xml.XmlBeanDefinitionReader] - Loading XML bean definitions from class path resource [spring-mybatis.xml]
[INFO][main][2017-02-23 10:20:43][org.springframework.beans.factory.xml.XmlBeanDefinitionReader] - Loading XML bean definitions from class path resource [spring-mvc.xml]
[INFO][main][2017-02-23 10:20:43][org.springframework.context.support.AbstractApplicationContext] - Refreshing org.springframework.context.support.GenericApplicationContext@647fd8ce: startup date [Thu Feb 23 10:20:43 CST 2017]; root of context hierarchy
[INFO][main][2017-02-23 10:20:43][org.springframework.core.io.support.PropertiesLoaderSupport] - Loading properties file from class path resource [jdbc.properties]
[INFO][main][2017-02-23 10:20:43][org.springframework.beans.factory.annotation.AutowiredAnnotationBeanPostProcessor] - JSR-330 'javax.inject.Inject' annotation found and supported for autowiring
[INFO][main][2017-02-23 10:20:44][org.springframework.web.servlet.handler.AbstractHandlerMethodMapping$MappingRegistry] - Mapped "{[/star/view/demo]}" onto public java.lang.String com.self.controller.StarScoreController.toStar()
[INFO][main][2017-02-23 10:20:44][org.springframework.web.servlet.handler.AbstractHandlerMethodMapping$MappingRegistry] - Mapped "{[/user/showUser]}" onto java.util.List<com.self.model.User> com.self.controller.UserController.showUser(javax.servlet.http.HttpServletRequest,org.springframework.ui.Model)
[INFO][main][2017-02-23 10:20:44][org.springframework.web.servlet.mvc.method.annotation.RequestMappingHandlerAdapter] - Looking for @ControllerAdvice: org.springframework.context.support.GenericApplicationContext@647fd8ce: startup date [Thu Feb 23 10:20:43 CST 2017]; root of context hierarchy
[INFO][main][2017-02-23 10:20:45][org.springframework.web.servlet.handler.AbstractUrlHandlerMapping] - Mapped URL path [/assets/**] onto handler 'org.springframework.web.servlet.resource.ResourceHttpRequestHandler#0'
[INFO][Thread-0][2017-02-23 10:26:14][org.springframework.context.support.AbstractApplicationContext] - Closing org.springframework.context.support.GenericApplicationContext@647fd8ce: startup date [Thu Feb 23 10:20:43 CST 2017]; root of context hierarchy
[INFO][main][2017-02-23 10:26:18][org.springframework.test.context.support.AbstractTestContextBootstrapper] - Loaded default TestExecutionListener class names from location [META-INF/spring.factories]: [org.springframework.test.context.web.ServletTestExecutionListener, org.springframework.test.context.support.DirtiesContextBeforeModesTestExecutionListener, org.springframework.test.context.support.DependencyInjectionTestExecutionListener, org.springframework.test.context.support.DirtiesContextTestExecutionListener, org.springframework.test.context.transaction.TransactionalTestExecutionListener, org.springframework.test.context.jdbc.SqlScriptsTestExecutionListener]
[INFO][main][2017-02-23 10:26:18][org.springframework.test.context.support.AbstractTestContextBootstrapper] - Using TestExecutionListeners: [org.springframework.test.context.web.ServletTestExecutionListener@b62fe6d, org.springframework.test.context.support.DirtiesContextBeforeModesTestExecutionListener@13acb0d1, org.springframework.test.context.support.DependencyInjectionTestExecutionListener@3e3047e6, org.springframework.test.context.support.DirtiesContextTestExecutionListener@37e547da, org.springframework.test.context.transaction.TransactionalTestExecutionListener@2b6856dd, org.springframework.test.context.jdbc.SqlScriptsTestExecutionListener@5db45159]
[INFO][main][2017-02-23 10:26:19][org.springframework.beans.factory.xml.XmlBeanDefinitionReader] - Loading XML bean definitions from class path resource [spring-mybatis.xml]
[INFO][main][2017-02-23 10:26:19][org.springframework.beans.factory.xml.XmlBeanDefinitionReader] - Loading XML bean definitions from class path resource [spring-mvc.xml]
[INFO][main][2017-02-23 10:26:19][org.springframework.context.support.AbstractApplicationContext] - Refreshing org.springframework.context.support.GenericApplicationContext@51e5fc98: startup date [Thu Feb 23 10:26:19 CST 2017]; root of context hierarchy
[INFO][main][2017-02-23 10:26:20][org.springframework.core.io.support.PropertiesLoaderSupport] - Loading properties file from class path resource [jdbc.properties]
[INFO][main][2017-02-23 10:26:20][org.springframework.beans.factory.annotation.AutowiredAnnotationBeanPostProcessor] - JSR-330 'javax.inject.Inject' annotation found and supported for autowiring
[INFO][main][2017-02-23 10:26:20][org.springframework.web.servlet.handler.AbstractHandlerMethodMapping$MappingRegistry] - Mapped "{[/star/view/demo]}" onto public java.lang.String com.self.controller.StarScoreController.toStar()
[INFO][main][2017-02-23 10:26:20][org.springframework.web.servlet.handler.AbstractHandlerMethodMapping$MappingRegistry] - Mapped "{[/user/showUser]}" onto java.util.List<com.self.model.User> com.self.controller.UserController.showUser(javax.servlet.http.HttpServletRequest,org.springframework.ui.Model)
[INFO][main][2017-02-23 10:26:20][org.springframework.web.servlet.mvc.method.annotation.RequestMappingHandlerAdapter] - Looking for @ControllerAdvice: org.springframework.context.support.GenericApplicationContext@51e5fc98: startup date [Thu Feb 23 10:26:19 CST 2017]; root of context hierarchy
[INFO][main][2017-02-23 10:26:21][org.springframework.web.servlet.handler.AbstractUrlHandlerMapping] - Mapped URL path [/assets/**] onto handler 'org.springframework.web.servlet.resource.ResourceHttpRequestHandler#0'
[ERROR][main][2017-02-23 10:26:21][org.springframework.test.context.TestContextManager] - Caught exception while allowing TestExecutionListener [org.springframework.test.context.support.DependencyInjectionTestExecutionListener@3e3047e6] to prepare test instance [com.self.service.UserTest@5e4fa1da]
org.springframework.beans.factory.BeanCreationException: Error creating bean with name 'com.self.service.UserTest': Injection of autowired dependencies failed; nested exception is org.springframework.beans.factory.BeanCreationException: Could not autowire field: com.self.service.impl.UserServiceImpl com.self.service.UserTest.userService; nested exception is org.springframework.beans.factory.NoSuchBeanDefinitionException: No qualifying bean of type [com.self.service.impl.UserServiceImpl] found for dependency: expected at least 1 bean which qualifies as autowire candidate for this dependency. Dependency annotations: {@org.springframework.beans.factory.annotation.Autowired(required=true)}
	at org.springframework.beans.factory.annotation.AutowiredAnnotationBeanPostProcessor.postProcessPropertyValues(AutowiredAnnotationBeanPostProcessor.java:334)
	at org.springframework.beans.factory.support.AbstractAutowireCapableBeanFactory.populateBean(AbstractAutowireCapableBeanFactory.java:1214)
	at org.springframework.beans.factory.support.AbstractAutowireCapableBeanFactory.autowireBeanProperties(AbstractAutowireCapableBeanFactory.java:385)
	at org.springframework.test.context.support.DependencyInjectionTestExecutionListener.injectDependencies(DependencyInjectionTestExecutionListener.java:118)
	at org.springframework.test.context.support.DependencyInjectionTestExecutionListener.prepareTestInstance(DependencyInjectionTestExecutionListener.java:83)
	at org.springframework.test.context.TestContextManager.prepareTestInstance(TestContextManager.java:228)
	at org.springframework.test.context.junit4.SpringJUnit4ClassRunner.createTest(SpringJUnit4ClassRunner.java:230)
	at org.springframework.test.context.junit4.SpringJUnit4ClassRunner$1.runReflectiveCall(SpringJUnit4ClassRunner.java:289)
	at org.junit.internal.runners.model.ReflectiveCallable.run(ReflectiveCallable.java:12)
	at org.springframework.test.context.junit4.SpringJUnit4ClassRunner.methodBlock(SpringJUnit4ClassRunner.java:291)
	at org.springframework.test.context.junit4.SpringJUnit4ClassRunner.runChild(SpringJUnit4ClassRunner.java:249)
	at org.springframework.test.context.junit4.SpringJUnit4ClassRunner.runChild(SpringJUnit4ClassRunner.java:89)
	at org.junit.runners.ParentRunner$3.run(ParentRunner.java:238)
	at org.junit.runners.ParentRunner$1.schedule(ParentRunner.java:63)
	at org.junit.runners.ParentRunner.runChildren(ParentRunner.java:236)
	at org.junit.runners.ParentRunner.access$000(ParentRunner.java:53)
	at org.junit.runners.ParentRunner$2.evaluate(ParentRunner.java:229)
	at org.springframework.test.context.junit4.statements.RunBeforeTestClassCallbacks.evaluate(RunBeforeTestClassCallbacks.java:61)
	at org.springframework.test.context.junit4.statements.RunAfterTestClassCallbacks.evaluate(RunAfterTestClassCallbacks.java:70)
	at org.junit.runners.ParentRunner.run(ParentRunner.java:309)
	at org.springframework.test.context.junit4.SpringJUnit4ClassRunner.run(SpringJUnit4ClassRunner.java:193)
	at org.junit.runner.JUnitCore.run(JUnitCore.java:160)
	at com.intellij.junit4.JUnit4IdeaTestRunner.startRunnerWithArgs(JUnit4IdeaTestRunner.java:69)
	at com.intellij.rt.execution.junit.JUnitStarter.prepareStreamsAndStart(JUnitStarter.java:234)
	at com.intellij.rt.execution.junit.JUnitStarter.main(JUnitStarter.java:74)
Caused by: org.springframework.beans.factory.BeanCreationException: Could not autowire field: com.self.service.impl.UserServiceImpl com.self.service.UserTest.userService; nested exception is org.springframework.beans.factory.NoSuchBeanDefinitionException: No qualifying bean of type [com.self.service.impl.UserServiceImpl] found for dependency: expected at least 1 bean which qualifies as autowire candidate for this dependency. Dependency annotations: {@org.springframework.beans.factory.annotation.Autowired(required=true)}
	at org.springframework.beans.factory.annotation.AutowiredAnnotationBeanPostProcessor$AutowiredFieldElement.inject(AutowiredAnnotationBeanPostProcessor.java:573)
	at org.springframework.beans.factory.annotation.InjectionMetadata.inject(InjectionMetadata.java:88)
	at org.springframework.beans.factory.annotation.AutowiredAnnotationBeanPostProcessor.postProcessPropertyValues(AutowiredAnnotationBeanPostProcessor.java:331)
	... 24 more
Caused by: org.springframework.beans.factory.NoSuchBeanDefinitionException: No qualifying bean of type [com.self.service.impl.UserServiceImpl] found for dependency: expected at least 1 bean which qualifies as autowire candidate for this dependency. Dependency annotations: {@org.springframework.beans.factory.annotation.Autowired(required=true)}
	at org.springframework.beans.factory.support.DefaultListableBeanFactory.raiseNoSuchBeanDefinitionException(DefaultListableBeanFactory.java:1373)
	at org.springframework.beans.factory.support.DefaultListableBeanFactory.doResolveDependency(DefaultListableBeanFactory.java:1119)
	at org.springframework.beans.factory.support.DefaultListableBeanFactory.resolveDependency(DefaultListableBeanFactory.java:1014)
	at org.springframework.beans.factory.annotation.AutowiredAnnotationBeanPostProcessor$AutowiredFieldElement.inject(AutowiredAnnotationBeanPostProcessor.java:545)
	... 26 more
[INFO][Thread-0][2017-02-23 10:26:21][org.springframework.context.support.AbstractApplicationContext] - Closing org.springframework.context.support.GenericApplicationContext@51e5fc98: startup date [Thu Feb 23 10:26:19 CST 2017]; root of context hierarchy
[INFO][main][2017-02-23 10:27:11][org.springframework.test.context.support.AbstractTestContextBootstrapper] - Loaded default TestExecutionListener class names from location [META-INF/spring.factories]: [org.springframework.test.context.web.ServletTestExecutionListener, org.springframework.test.context.support.DirtiesContextBeforeModesTestExecutionListener, org.springframework.test.context.support.DependencyInjectionTestExecutionListener, org.springframework.test.context.support.DirtiesContextTestExecutionListener, org.springframework.test.context.transaction.TransactionalTestExecutionListener, org.springframework.test.context.jdbc.SqlScriptsTestExecutionListener]
[INFO][main][2017-02-23 10:27:11][org.springframework.test.context.support.AbstractTestContextBootstrapper] - Using TestExecutionListeners: [org.springframework.test.context.web.ServletTestExecutionListener@b62fe6d, org.springframework.test.context.support.DirtiesContextBeforeModesTestExecutionListener@13acb0d1, org.springframework.test.context.support.DependencyInjectionTestExecutionListener@3e3047e6, org.springframework.test.context.support.DirtiesContextTestExecutionListener@37e547da, org.springframework.test.context.transaction.TransactionalTestExecutionListener@2b6856dd, org.springframework.test.context.jdbc.SqlScriptsTestExecutionListener@5db45159]
[INFO][main][2017-02-23 10:27:12][org.springframework.beans.factory.xml.XmlBeanDefinitionReader] - Loading XML bean definitions from class path resource [spring-mybatis.xml]
[INFO][main][2017-02-23 10:27:12][org.springframework.beans.factory.xml.XmlBeanDefinitionReader] - Loading XML bean definitions from class path resource [spring-mvc.xml]
[INFO][main][2017-02-23 10:27:12][org.springframework.context.support.AbstractApplicationContext] - Refreshing org.springframework.context.support.GenericApplicationContext@51e5fc98: startup date [Thu Feb 23 10:27:12 CST 2017]; root of context hierarchy
[INFO][main][2017-02-23 10:27:12][org.springframework.core.io.support.PropertiesLoaderSupport] - Loading properties file from class path resource [jdbc.properties]
[INFO][main][2017-02-23 10:27:12][org.springframework.beans.factory.annotation.AutowiredAnnotationBeanPostProcessor] - JSR-330 'javax.inject.Inject' annotation found and supported for autowiring
[INFO][main][2017-02-23 10:27:13][org.springframework.web.servlet.handler.AbstractHandlerMethodMapping$MappingRegistry] - Mapped "{[/star/view/demo]}" onto public java.lang.String com.self.controller.StarScoreController.toStar()
[INFO][main][2017-02-23 10:27:13][org.springframework.web.servlet.handler.AbstractHandlerMethodMapping$MappingRegistry] - Mapped "{[/user/showUser]}" onto java.util.List<com.self.model.User> com.self.controller.UserController.showUser(javax.servlet.http.HttpServletRequest,org.springframework.ui.Model)
[INFO][main][2017-02-23 10:27:14][org.springframework.web.servlet.mvc.method.annotation.RequestMappingHandlerAdapter] - Looking for @ControllerAdvice: org.springframework.context.support.GenericApplicationContext@51e5fc98: startup date [Thu Feb 23 10:27:12 CST 2017]; root of context hierarchy
[INFO][main][2017-02-23 10:27:14][org.springframework.web.servlet.handler.AbstractUrlHandlerMapping] - Mapped URL path [/assets/**] onto handler 'org.springframework.web.servlet.resource.ResourceHttpRequestHandler#0'
[INFO][Thread-0][2017-02-23 10:27:25][org.springframework.context.support.AbstractApplicationContext] - Closing org.springframework.context.support.GenericApplicationContext@51e5fc98: startup date [Thu Feb 23 10:27:12 CST 2017]; root of context hierarchy
[INFO][main][2017-02-23 10:27:37][org.springframework.test.context.support.AbstractTestContextBootstrapper] - Loaded default TestExecutionListener class names from location [META-INF/spring.factories]: [org.springframework.test.context.web.ServletTestExecutionListener, org.springframework.test.context.support.DirtiesContextBeforeModesTestExecutionListener, org.springframework.test.context.support.DependencyInjectionTestExecutionListener, org.springframework.test.context.support.DirtiesContextTestExecutionListener, org.springframework.test.context.transaction.TransactionalTestExecutionListener, org.springframework.test.context.jdbc.SqlScriptsTestExecutionListener]
[INFO][main][2017-02-23 10:27:37][org.springframework.test.context.support.AbstractTestContextBootstrapper] - Using TestExecutionListeners: [org.springframework.test.context.web.ServletTestExecutionListener@b62fe6d, org.springframework.test.context.support.DirtiesContextBeforeModesTestExecutionListener@13acb0d1, org.springframework.test.context.support.DependencyInjectionTestExecutionListener@3e3047e6, org.springframework.test.context.support.DirtiesContextTestExecutionListener@37e547da, org.springframework.test.context.transaction.TransactionalTestExecutionListener@2b6856dd, org.springframework.test.context.jdbc.SqlScriptsTestExecutionListener@5db45159]
[INFO][main][2017-02-23 10:27:37][org.springframework.beans.factory.xml.XmlBeanDefinitionReader] - Loading XML bean definitions from class path resource [spring-mybatis.xml]
[INFO][main][2017-02-23 10:27:38][org.springframework.beans.factory.xml.XmlBeanDefinitionReader] - Loading XML bean definitions from class path resource [spring-mvc.xml]
[INFO][main][2017-02-23 10:27:38][org.springframework.context.support.AbstractApplicationContext] - Refreshing org.springframework.context.support.GenericApplicationContext@51e5fc98: startup date [Thu Feb 23 10:27:38 CST 2017]; root of context hierarchy
[INFO][main][2017-02-23 10:27:38][org.springframework.core.io.support.PropertiesLoaderSupport] - Loading properties file from class path resource [jdbc.properties]
[INFO][main][2017-02-23 10:27:38][org.springframework.beans.factory.annotation.AutowiredAnnotationBeanPostProcessor] - JSR-330 'javax.inject.Inject' annotation found and supported for autowiring
[INFO][main][2017-02-23 10:27:39][org.springframework.web.servlet.handler.AbstractHandlerMethodMapping$MappingRegistry] - Mapped "{[/star/view/demo]}" onto public java.lang.String com.self.controller.StarScoreController.toStar()
[INFO][main][2017-02-23 10:27:39][org.springframework.web.servlet.handler.AbstractHandlerMethodMapping$MappingRegistry] - Mapped "{[/user/showUser]}" onto java.util.List<com.self.model.User> com.self.controller.UserController.showUser(javax.servlet.http.HttpServletRequest,org.springframework.ui.Model)
[INFO][main][2017-02-23 10:27:39][org.springframework.web.servlet.mvc.method.annotation.RequestMappingHandlerAdapter] - Looking for @ControllerAdvice: org.springframework.context.support.GenericApplicationContext@51e5fc98: startup date [Thu Feb 23 10:27:38 CST 2017]; root of context hierarchy
[INFO][main][2017-02-23 10:27:39][org.springframework.web.servlet.handler.AbstractUrlHandlerMapping] - Mapped URL path [/assets/**] onto handler 'org.springframework.web.servlet.resource.ResourceHttpRequestHandler#0'
[INFO][main][2017-02-23 10:28:17][org.springframework.beans.factory.xml.XmlBeanDefinitionReader] - Loading XML bean definitions from class path resource [org/springframework/jdbc/support/sql-error-codes.xml]
[INFO][main][2017-02-23 10:28:17][org.springframework.jdbc.support.SQLErrorCodesFactory] - SQLErrorCodes loaded: [DB2, Derby, H2, HSQL, Informix, MS-SQL, MySQL, Oracle, PostgreSQL, Sybase, Hana]
[INFO][Thread-0][2017-02-23 10:28:36][org.springframework.context.support.AbstractApplicationContext] - Closing org.springframework.context.support.GenericApplicationContext@51e5fc98: startup date [Thu Feb 23 10:27:38 CST 2017]; root of context hierarchy
[INFO][main][2017-02-23 10:28:57][org.springframework.test.context.support.AbstractTestContextBootstrapper] - Loaded default TestExecutionListener class names from location [META-INF/spring.factories]: [org.springframework.test.context.web.ServletTestExecutionListener, org.springframework.test.context.support.DirtiesContextBeforeModesTestExecutionListener, org.springframework.test.context.support.DependencyInjectionTestExecutionListener, org.springframework.test.context.support.DirtiesContextTestExecutionListener, org.springframework.test.context.transaction.TransactionalTestExecutionListener, org.springframework.test.context.jdbc.SqlScriptsTestExecutionListener]
[INFO][main][2017-02-23 10:28:57][org.springframework.test.context.support.AbstractTestContextBootstrapper] - Using TestExecutionListeners: [org.springframework.test.context.web.ServletTestExecutionListener@b62fe6d, org.springframework.test.context.support.DirtiesContextBeforeModesTestExecutionListener@13acb0d1, org.springframework.test.context.support.DependencyInjectionTestExecutionListener@3e3047e6, org.springframework.test.context.support.DirtiesContextTestExecutionListener@37e547da, org.springframework.test.context.transaction.TransactionalTestExecutionListener@2b6856dd, org.springframework.test.context.jdbc.SqlScriptsTestExecutionListener@5db45159]
[INFO][main][2017-02-23 10:28:57][org.springframework.beans.factory.xml.XmlBeanDefinitionReader] - Loading XML bean definitions from class path resource [spring-mybatis.xml]
[INFO][main][2017-02-23 10:28:57][org.springframework.beans.factory.xml.XmlBeanDefinitionReader] - Loading XML bean definitions from class path resource [spring-mvc.xml]
[INFO][main][2017-02-23 10:28:57][org.springframework.context.support.AbstractApplicationContext] - Refreshing org.springframework.context.support.GenericApplicationContext@51e5fc98: startup date [Thu Feb 23 10:28:57 CST 2017]; root of context hierarchy
[INFO][main][2017-02-23 10:28:58][org.springframework.core.io.support.PropertiesLoaderSupport] - Loading properties file from class path resource [jdbc.properties]
[INFO][main][2017-02-23 10:28:58][org.springframework.beans.factory.annotation.AutowiredAnnotationBeanPostProcessor] - JSR-330 'javax.inject.Inject' annotation found and supported for autowiring
[INFO][main][2017-02-23 10:28:59][org.springframework.web.servlet.handler.AbstractHandlerMethodMapping$MappingRegistry] - Mapped "{[/star/view/demo]}" onto public java.lang.String com.self.controller.StarScoreController.toStar()
[INFO][main][2017-02-23 10:28:59][org.springframework.web.servlet.handler.AbstractHandlerMethodMapping$MappingRegistry] - Mapped "{[/user/showUser]}" onto java.util.List<com.self.model.User> com.self.controller.UserController.showUser(javax.servlet.http.HttpServletRequest,org.springframework.ui.Model)
[INFO][main][2017-02-23 10:28:59][org.springframework.web.servlet.mvc.method.annotation.RequestMappingHandlerAdapter] - Looking for @ControllerAdvice: org.springframework.context.support.GenericApplicationContext@51e5fc98: startup date [Thu Feb 23 10:28:57 CST 2017]; root of context hierarchy
[INFO][main][2017-02-23 10:28:59][org.springframework.web.servlet.handler.AbstractUrlHandlerMapping] - Mapped URL path [/assets/**] onto handler 'org.springframework.web.servlet.resource.ResourceHttpRequestHandler#0'
[INFO][main][2017-02-23 10:29:05][org.springframework.beans.factory.xml.XmlBeanDefinitionReader] - Loading XML bean definitions from class path resource [org/springframework/jdbc/support/sql-error-codes.xml]
[INFO][main][2017-02-23 10:29:05][org.springframework.jdbc.support.SQLErrorCodesFactory] - SQLErrorCodes loaded: [DB2, Derby, H2, HSQL, Informix, MS-SQL, MySQL, Oracle, PostgreSQL, Sybase, Hana]
[INFO][Thread-0][2017-02-23 10:29:05][org.springframework.context.support.AbstractApplicationContext] - Closing org.springframework.context.support.GenericApplicationContext@51e5fc98: startup date [Thu Feb 23 10:28:57 CST 2017]; root of context hierarchy
[INFO][main][2017-02-23 10:30:30][org.springframework.test.context.support.AbstractTestContextBootstrapper] - Loaded default TestExecutionListener class names from location [META-INF/spring.factories]: [org.springframework.test.context.web.ServletTestExecutionListener, org.springframework.test.context.support.DirtiesContextBeforeModesTestExecutionListener, org.springframework.test.context.support.DependencyInjectionTestExecutionListener, org.springframework.test.context.support.DirtiesContextTestExecutionListener, org.springframework.test.context.transaction.TransactionalTestExecutionListener, org.springframework.test.context.jdbc.SqlScriptsTestExecutionListener]
[INFO][main][2017-02-23 10:30:30][org.springframework.test.context.support.AbstractTestContextBootstrapper] - Using TestExecutionListeners: [org.springframework.test.context.web.ServletTestExecutionListener@b62fe6d, org.springframework.test.context.support.DirtiesContextBeforeModesTestExecutionListener@13acb0d1, org.springframework.test.context.support.DependencyInjectionTestExecutionListener@3e3047e6, org.springframework.test.context.support.DirtiesContextTestExecutionListener@37e547da, org.springframework.test.context.transaction.TransactionalTestExecutionListener@2b6856dd, org.springframework.test.context.jdbc.SqlScriptsTestExecutionListener@5db45159]
[INFO][main][2017-02-23 10:30:30][org.springframework.beans.factory.xml.XmlBeanDefinitionReader] - Loading XML bean definitions from class path resource [spring-mybatis.xml]
[INFO][main][2017-02-23 10:30:31][org.springframework.beans.factory.xml.XmlBeanDefinitionReader] - Loading XML bean definitions from class path resource [spring-mvc.xml]
[INFO][main][2017-02-23 10:30:31][org.springframework.context.support.AbstractApplicationContext] - Refreshing org.springframework.context.support.GenericApplicationContext@51e5fc98: startup date [Thu Feb 23 10:30:31 CST 2017]; root of context hierarchy
[INFO][main][2017-02-23 10:30:31][org.springframework.core.io.support.PropertiesLoaderSupport] - Loading properties file from class path resource [jdbc.properties]
[INFO][main][2017-02-23 10:30:31][org.springframework.beans.factory.annotation.AutowiredAnnotationBeanPostProcessor] - JSR-330 'javax.inject.Inject' annotation found and supported for autowiring
[INFO][main][2017-02-23 10:30:32][org.springframework.web.servlet.handler.AbstractHandlerMethodMapping$MappingRegistry] - Mapped "{[/star/view/demo]}" onto public java.lang.String com.self.controller.StarScoreController.toStar()
[INFO][main][2017-02-23 10:30:32][org.springframework.web.servlet.handler.AbstractHandlerMethodMapping$MappingRegistry] - Mapped "{[/user/showUser]}" onto java.util.List<com.self.model.User> com.self.controller.UserController.showUser(javax.servlet.http.HttpServletRequest,org.springframework.ui.Model)
[INFO][main][2017-02-23 10:30:32][org.springframework.web.servlet.mvc.method.annotation.RequestMappingHandlerAdapter] - Looking for @ControllerAdvice: org.springframework.context.support.GenericApplicationContext@51e5fc98: startup date [Thu Feb 23 10:30:31 CST 2017]; root of context hierarchy
[INFO][main][2017-02-23 10:30:32][org.springframework.web.servlet.handler.AbstractUrlHandlerMapping] - Mapped URL path [/assets/**] onto handler 'org.springframework.web.servlet.resource.ResourceHttpRequestHandler#0'
[INFO][Thread-0][2017-02-23 10:30:40][org.springframework.context.support.AbstractApplicationContext] - Closing org.springframework.context.support.GenericApplicationContext@51e5fc98: startup date [Thu Feb 23 10:30:31 CST 2017]; root of context hierarchy
[INFO][main][2017-02-23 10:31:42][org.springframework.test.context.support.AbstractTestContextBootstrapper] - Loaded default TestExecutionListener class names from location [META-INF/spring.factories]: [org.springframework.test.context.web.ServletTestExecutionListener, org.springframework.test.context.support.DirtiesContextBeforeModesTestExecutionListener, org.springframework.test.context.support.DependencyInjectionTestExecutionListener, org.springframework.test.context.support.DirtiesContextTestExecutionListener, org.springframework.test.context.transaction.TransactionalTestExecutionListener, org.springframework.test.context.jdbc.SqlScriptsTestExecutionListener]
[INFO][main][2017-02-23 10:31:42][org.springframework.test.context.support.AbstractTestContextBootstrapper] - Using TestExecutionListeners: [org.springframework.test.context.web.ServletTestExecutionListener@2aa5fe93, org.springframework.test.context.support.DirtiesContextBeforeModesTestExecutionListener@5c1a8622, org.springframework.test.context.support.DependencyInjectionTestExecutionListener@5ad851c9, org.springframework.test.context.support.DirtiesContextTestExecutionListener@6156496, org.springframework.test.context.transaction.TransactionalTestExecutionListener@3c153a1, org.springframework.test.context.jdbc.SqlScriptsTestExecutionListener@b62fe6d]
[INFO][main][2017-02-23 10:31:42][org.springframework.beans.factory.xml.XmlBeanDefinitionReader] - Loading XML bean definitions from class path resource [spring-mybatis.xml]
[INFO][main][2017-02-23 10:31:43][org.springframework.beans.factory.xml.XmlBeanDefinitionReader] - Loading XML bean definitions from class path resource [spring-mvc.xml]
[INFO][main][2017-02-23 10:31:43][org.springframework.context.support.AbstractApplicationContext] - Refreshing org.springframework.context.support.GenericApplicationContext@647fd8ce: startup date [Thu Feb 23 10:31:43 CST 2017]; root of context hierarchy
[INFO][main][2017-02-23 10:31:44][org.springframework.core.io.support.PropertiesLoaderSupport] - Loading properties file from class path resource [jdbc.properties]
[INFO][main][2017-02-23 10:31:44][org.springframework.beans.factory.annotation.AutowiredAnnotationBeanPostProcessor] - JSR-330 'javax.inject.Inject' annotation found and supported for autowiring
[INFO][main][2017-02-23 10:31:44][org.springframework.web.servlet.handler.AbstractHandlerMethodMapping$MappingRegistry] - Mapped "{[/star/view/demo]}" onto public java.lang.String com.self.controller.StarScoreController.toStar()
[INFO][main][2017-02-23 10:31:44][org.springframework.web.servlet.handler.AbstractHandlerMethodMapping$MappingRegistry] - Mapped "{[/user/showUser]}" onto java.util.List<com.self.model.User> com.self.controller.UserController.showUser(javax.servlet.http.HttpServletRequest,org.springframework.ui.Model)
[INFO][main][2017-02-23 10:31:44][org.springframework.web.servlet.mvc.method.annotation.RequestMappingHandlerAdapter] - Looking for @ControllerAdvice: org.springframework.context.support.GenericApplicationContext@647fd8ce: startup date [Thu Feb 23 10:31:43 CST 2017]; root of context hierarchy
[INFO][main][2017-02-23 10:31:45][org.springframework.web.servlet.handler.AbstractUrlHandlerMapping] - Mapped URL path [/assets/**] onto handler 'org.springframework.web.servlet.resource.ResourceHttpRequestHandler#0'
[INFO][Thread-0][2017-02-23 10:31:52][org.springframework.context.support.AbstractApplicationContext] - Closing org.springframework.context.support.GenericApplicationContext@647fd8ce: startup date [Thu Feb 23 10:31:43 CST 2017]; root of context hierarchy
[INFO][main][2017-02-23 10:32:13][org.springframework.test.context.support.AbstractTestContextBootstrapper] - Loaded default TestExecutionListener class names from location [META-INF/spring.factories]: [org.springframework.test.context.web.ServletTestExecutionListener, org.springframework.test.context.support.DirtiesContextBeforeModesTestExecutionListener, org.springframework.test.context.support.DependencyInjectionTestExecutionListener, org.springframework.test.context.support.DirtiesContextTestExecutionListener, org.springframework.test.context.transaction.TransactionalTestExecutionListener, org.springframework.test.context.jdbc.SqlScriptsTestExecutionListener]
[INFO][main][2017-02-23 10:32:13][org.springframework.test.context.support.AbstractTestContextBootstrapper] - Using TestExecutionListeners: [org.springframework.test.context.web.ServletTestExecutionListener@b62fe6d, org.springframework.test.context.support.DirtiesContextBeforeModesTestExecutionListener@13acb0d1, org.springframework.test.context.support.DependencyInjectionTestExecutionListener@3e3047e6, org.springframework.test.context.support.DirtiesContextTestExecutionListener@37e547da, org.springframework.test.context.transaction.TransactionalTestExecutionListener@2b6856dd, org.springframework.test.context.jdbc.SqlScriptsTestExecutionListener@5db45159]
[INFO][main][2017-02-23 10:32:13][org.springframework.beans.factory.xml.XmlBeanDefinitionReader] - Loading XML bean definitions from class path resource [spring-mybatis.xml]
[INFO][main][2017-02-23 10:32:13][org.springframework.beans.factory.xml.XmlBeanDefinitionReader] - Loading XML bean definitions from class path resource [spring-mvc.xml]
[INFO][main][2017-02-23 10:32:14][org.springframework.context.support.AbstractApplicationContext] - Refreshing org.springframework.context.support.GenericApplicationContext@51e5fc98: startup date [Thu Feb 23 10:32:14 CST 2017]; root of context hierarchy
[INFO][main][2017-02-23 10:32:14][org.springframework.core.io.support.PropertiesLoaderSupport] - Loading properties file from class path resource [jdbc.properties]
[INFO][main][2017-02-23 10:32:14][org.springframework.beans.factory.annotation.AutowiredAnnotationBeanPostProcessor] - JSR-330 'javax.inject.Inject' annotation found and supported for autowiring
[INFO][main][2017-02-23 10:32:15][org.springframework.web.servlet.handler.AbstractHandlerMethodMapping$MappingRegistry] - Mapped "{[/star/view/demo]}" onto public java.lang.String com.self.controller.StarScoreController.toStar()
[INFO][main][2017-02-23 10:32:15][org.springframework.web.servlet.handler.AbstractHandlerMethodMapping$MappingRegistry] - Mapped "{[/user/showUser]}" onto java.util.List<com.self.model.User> com.self.controller.UserController.showUser(javax.servlet.http.HttpServletRequest,org.springframework.ui.Model)
[INFO][main][2017-02-23 10:32:15][org.springframework.web.servlet.mvc.method.annotation.RequestMappingHandlerAdapter] - Looking for @ControllerAdvice: org.springframework.context.support.GenericApplicationContext@51e5fc98: startup date [Thu Feb 23 10:32:14 CST 2017]; root of context hierarchy
[INFO][main][2017-02-23 10:32:15][org.springframework.web.servlet.handler.AbstractUrlHandlerMapping] - Mapped URL path [/assets/**] onto handler 'org.springframework.web.servlet.resource.ResourceHttpRequestHandler#0'
[INFO][Thread-0][2017-02-23 10:32:20][org.springframework.context.support.AbstractApplicationContext] - Closing org.springframework.context.support.GenericApplicationContext@51e5fc98: startup date [Thu Feb 23 10:32:14 CST 2017]; root of context hierarchy
[INFO][main][2017-02-24 15:22:37][org.springframework.test.context.support.AbstractTestContextBootstrapper] - Loaded default TestExecutionListener class names from location [META-INF/spring.factories]: [org.springframework.test.context.web.ServletTestExecutionListener, org.springframework.test.context.support.DirtiesContextBeforeModesTestExecutionListener, org.springframework.test.context.support.DependencyInjectionTestExecutionListener, org.springframework.test.context.support.DirtiesContextTestExecutionListener, org.springframework.test.context.transaction.TransactionalTestExecutionListener, org.springframework.test.context.jdbc.SqlScriptsTestExecutionListener]
[INFO][main][2017-02-24 15:22:37][org.springframework.test.context.support.AbstractTestContextBootstrapper] - Using TestExecutionListeners: [org.springframework.test.context.web.ServletTestExecutionListener@4678c730, org.springframework.test.context.support.DirtiesContextBeforeModesTestExecutionListener@6767c1fc, org.springframework.test.context.support.DependencyInjectionTestExecutionListener@29ee9faa, org.springframework.test.context.support.DirtiesContextTestExecutionListener@c038203, org.springframework.test.context.transaction.TransactionalTestExecutionListener@cc285f4, org.springframework.test.context.jdbc.SqlScriptsTestExecutionListener@55f3ddb1]
[INFO][main][2017-02-24 15:22:38][org.springframework.beans.factory.xml.XmlBeanDefinitionReader] - Loading XML bean definitions from class path resource [spring-mybatis.xml]
[INFO][main][2017-02-24 15:22:38][org.springframework.beans.factory.xml.XmlBeanDefinitionReader] - Loading XML bean definitions from class path resource [spring-mvc.xml]
[INFO][main][2017-02-24 15:22:38][org.springframework.context.support.AbstractApplicationContext] - Refreshing org.springframework.context.support.GenericApplicationContext@13805618: startup date [Fri Feb 24 15:22:38 CST 2017]; root of context hierarchy
[INFO][main][2017-02-24 15:22:39][org.springframework.core.io.support.PropertiesLoaderSupport] - Loading properties file from class path resource [jdbc.properties]
[INFO][main][2017-02-24 15:22:39][org.springframework.beans.factory.annotation.AutowiredAnnotationBeanPostProcessor] - JSR-330 'javax.inject.Inject' annotation found and supported for autowiring
[WARN][main][2017-02-24 15:22:40][org.springframework.context.support.AbstractApplicationContext] - Exception encountered during context initialization - cancelling refresh attempt: org.springframework.beans.factory.BeanCreationException: Error creating bean with name 'userService': Injection of resource dependencies failed; nested exception is org.springframework.beans.factory.BeanCreationException: Error creating bean with name 'userDao' defined in file [F:\work\web-ssm\target\classes\com\self\dao\UserDao.class]: Cannot resolve reference to bean 'sqlSessionFactory' while setting bean property 'sqlSessionFactory'; nested exception is org.springframework.beans.factory.BeanCreationException: Error creating bean with name 'sqlSessionFactory' defined in class path resource [spring-mybatis.xml]: Invocation of init method failed; nested exception is org.springframework.core.NestedIOException: Failed to parse mapping resource: 'file [F:\work\web-ssm\target\classes\mapping\UserMapper.xml]'; nested exception is org.apache.ibatis.builder.BuilderException: Error parsing Mapper XML. Cause: org.apache.ibatis.builder.BuilderException: Error resolving JdbcType. Cause: java.lang.IllegalArgumentException: No enum constant org.apache.ibatis.type.JdbcType.INT
[ERROR][main][2017-02-24 15:22:40][org.springframework.test.context.TestContextManager] - Caught exception while allowing TestExecutionListener [org.springframework.test.context.support.DependencyInjectionTestExecutionListener@29ee9faa] to prepare test instance [com.self.service.UserTest@1e0b4072]
java.lang.IllegalStateException: Failed to load ApplicationContext
	at org.springframework.test.context.cache.DefaultCacheAwareContextLoaderDelegate.loadContext(DefaultCacheAwareContextLoaderDelegate.java:124)
	at org.springframework.test.context.support.DefaultTestContext.getApplicationContext(DefaultTestContext.java:83)
	at org.springframework.test.context.support.DependencyInjectionTestExecutionListener.injectDependencies(DependencyInjectionTestExecutionListener.java:117)
	at org.springframework.test.context.support.DependencyInjectionTestExecutionListener.prepareTestInstance(DependencyInjectionTestExecutionListener.java:83)
	at org.springframework.test.context.TestContextManager.prepareTestInstance(TestContextManager.java:228)
	at org.springframework.test.context.junit4.SpringJUnit4ClassRunner.createTest(SpringJUnit4ClassRunner.java:230)
	at org.springframework.test.context.junit4.SpringJUnit4ClassRunner$1.runReflectiveCall(SpringJUnit4ClassRunner.java:289)
	at org.junit.internal.runners.model.ReflectiveCallable.run(ReflectiveCallable.java:12)
	at org.springframework.test.context.junit4.SpringJUnit4ClassRunner.methodBlock(SpringJUnit4ClassRunner.java:291)
	at org.springframework.test.context.junit4.SpringJUnit4ClassRunner.runChild(SpringJUnit4ClassRunner.java:249)
	at org.springframework.test.context.junit4.SpringJUnit4ClassRunner.runChild(SpringJUnit4ClassRunner.java:89)
	at org.junit.runners.ParentRunner$3.run(ParentRunner.java:238)
	at org.junit.runners.ParentRunner$1.schedule(ParentRunner.java:63)
	at org.junit.runners.ParentRunner.runChildren(ParentRunner.java:236)
	at org.junit.runners.ParentRunner.access$000(ParentRunner.java:53)
	at org.junit.runners.ParentRunner$2.evaluate(ParentRunner.java:229)
	at org.springframework.test.context.junit4.statements.RunBeforeTestClassCallbacks.evaluate(RunBeforeTestClassCallbacks.java:61)
	at org.springframework.test.context.junit4.statements.RunAfterTestClassCallbacks.evaluate(RunAfterTestClassCallbacks.java:70)
	at org.junit.runners.ParentRunner.run(ParentRunner.java:309)
	at org.springframework.test.context.junit4.SpringJUnit4ClassRunner.run(SpringJUnit4ClassRunner.java:193)
	at org.junit.runner.JUnitCore.run(JUnitCore.java:160)
	at com.intellij.junit4.JUnit4IdeaTestRunner.startRunnerWithArgs(JUnit4IdeaTestRunner.java:69)
	at com.intellij.rt.execution.junit.JUnitStarter.prepareStreamsAndStart(JUnitStarter.java:234)
	at com.intellij.rt.execution.junit.JUnitStarter.main(JUnitStarter.java:74)
	at sun.reflect.NativeMethodAccessorImpl.invoke0(Native Method)
	at sun.reflect.NativeMethodAccessorImpl.invoke(NativeMethodAccessorImpl.java:62)
	at sun.reflect.DelegatingMethodAccessorImpl.invoke(DelegatingMethodAccessorImpl.java:43)
	at java.lang.reflect.Method.invoke(Method.java:497)
	at com.intellij.rt.execution.application.AppMain.main(AppMain.java:144)
Caused by: org.springframework.beans.factory.BeanCreationException: Error creating bean with name 'userService': Injection of resource dependencies failed; nested exception is org.springframework.beans.factory.BeanCreationException: Error creating bean with name 'userDao' defined in file [F:\work\web-ssm\target\classes\com\self\dao\UserDao.class]: Cannot resolve reference to bean 'sqlSessionFactory' while setting bean property 'sqlSessionFactory'; nested exception is org.springframework.beans.factory.BeanCreationException: Error creating bean with name 'sqlSessionFactory' defined in class path resource [spring-mybatis.xml]: Invocation of init method failed; nested exception is org.springframework.core.NestedIOException: Failed to parse mapping resource: 'file [F:\work\web-ssm\target\classes\mapping\UserMapper.xml]'; nested exception is org.apache.ibatis.builder.BuilderException: Error parsing Mapper XML. Cause: org.apache.ibatis.builder.BuilderException: Error resolving JdbcType. Cause: java.lang.IllegalArgumentException: No enum constant org.apache.ibatis.type.JdbcType.INT
	at org.springframework.context.annotation.CommonAnnotationBeanPostProcessor.postProcessPropertyValues(CommonAnnotationBeanPostProcessor.java:311)
	at org.springframework.beans.factory.support.AbstractAutowireCapableBeanFactory.populateBean(AbstractAutowireCapableBeanFactory.java:1214)
	at org.springframework.beans.factory.support.AbstractAutowireCapableBeanFactory.doCreateBean(AbstractAutowireCapableBeanFactory.java:543)
	at org.springframework.beans.factory.support.AbstractAutowireCapableBeanFactory.createBean(AbstractAutowireCapableBeanFactory.java:482)
	at org.springframework.beans.factory.support.AbstractBeanFactory$1.getObject(AbstractBeanFactory.java:306)
	at org.springframework.beans.factory.support.DefaultSingletonBeanRegistry.getSingleton(DefaultSingletonBeanRegistry.java:230)
	at org.springframework.beans.factory.support.AbstractBeanFactory.doGetBean(AbstractBeanFactory.java:302)
	at org.springframework.beans.factory.support.AbstractBeanFactory.getBean(AbstractBeanFactory.java:197)
	at org.springframework.beans.factory.support.DefaultListableBeanFactory.preInstantiateSingletons(DefaultListableBeanFactory.java:772)
	at org.springframework.context.support.AbstractApplicationContext.finishBeanFactoryInitialization(AbstractApplicationContext.java:839)
	at org.springframework.context.support.AbstractApplicationContext.refresh(AbstractApplicationContext.java:538)
	at org.springframework.test.context.support.AbstractGenericContextLoader.loadContext(AbstractGenericContextLoader.java:125)
	at org.springframework.test.context.support.AbstractGenericContextLoader.loadContext(AbstractGenericContextLoader.java:60)
	at org.springframework.test.context.support.AbstractDelegatingSmartContextLoader.delegateLoading(AbstractDelegatingSmartContextLoader.java:109)
	at org.springframework.test.context.support.AbstractDelegatingSmartContextLoader.loadContext(AbstractDelegatingSmartContextLoader.java:261)
	at org.springframework.test.context.cache.DefaultCacheAwareContextLoaderDelegate.loadContextInternal(DefaultCacheAwareContextLoaderDelegate.java:98)
	at org.springframework.test.context.cache.DefaultCacheAwareContextLoaderDelegate.loadContext(DefaultCacheAwareContextLoaderDelegate.java:116)
	... 28 more
Caused by: org.springframework.beans.factory.BeanCreationException: Error creating bean with name 'userDao' defined in file [F:\work\web-ssm\target\classes\com\self\dao\UserDao.class]: Cannot resolve reference to bean 'sqlSessionFactory' while setting bean property 'sqlSessionFactory'; nested exception is org.springframework.beans.factory.BeanCreationException: Error creating bean with name 'sqlSessionFactory' defined in class path resource [spring-mybatis.xml]: Invocation of init method failed; nested exception is org.springframework.core.NestedIOException: Failed to parse mapping resource: 'file [F:\work\web-ssm\target\classes\mapping\UserMapper.xml]'; nested exception is org.apache.ibatis.builder.BuilderException: Error parsing Mapper XML. Cause: org.apache.ibatis.builder.BuilderException: Error resolving JdbcType. Cause: java.lang.IllegalArgumentException: No enum constant org.apache.ibatis.type.JdbcType.INT
	at org.springframework.beans.factory.support.BeanDefinitionValueResolver.resolveReference(BeanDefinitionValueResolver.java:359)
	at org.springframework.beans.factory.support.BeanDefinitionValueResolver.resolveValueIfNecessary(BeanDefinitionValueResolver.java:108)
	at org.springframework.beans.factory.support.AbstractAutowireCapableBeanFactory.applyPropertyValues(AbstractAutowireCapableBeanFactory.java:1481)
	at org.springframework.beans.factory.support.AbstractAutowireCapableBeanFactory.populateBean(AbstractAutowireCapableBeanFactory.java:1226)
	at org.springframework.beans.factory.support.AbstractAutowireCapableBeanFactory.doCreateBean(AbstractAutowireCapableBeanFactory.java:543)
	at org.springframework.beans.factory.support.AbstractAutowireCapableBeanFactory.createBean(AbstractAutowireCapableBeanFactory.java:482)
	at org.springframework.beans.factory.support.AbstractBeanFactory$1.getObject(AbstractBeanFactory.java:306)
	at org.springframework.beans.factory.support.DefaultSingletonBeanRegistry.getSingleton(DefaultSingletonBeanRegistry.java:230)
	at org.springframework.beans.factory.support.AbstractBeanFactory.doGetBean(AbstractBeanFactory.java:302)
	at org.springframework.beans.factory.support.AbstractBeanFactory.getBean(AbstractBeanFactory.java:202)
	at org.springframework.context.annotation.CommonAnnotationBeanPostProcessor.autowireResource(CommonAnnotationBeanPostProcessor.java:512)
	at org.springframework.context.annotation.CommonAnnotationBeanPostProcessor.getResource(CommonAnnotationBeanPostProcessor.java:486)
	at org.springframework.context.annotation.CommonAnnotationBeanPostProcessor$ResourceElement.getResourceToInject(CommonAnnotationBeanPostProcessor.java:615)
	at org.springframework.beans.factory.annotation.InjectionMetadata$InjectedElement.inject(InjectionMetadata.java:169)
	at org.springframework.beans.factory.annotation.InjectionMetadata.inject(InjectionMetadata.java:88)
	at org.springframework.context.annotation.CommonAnnotationBeanPostProcessor.postProcessPropertyValues(CommonAnnotationBeanPostProcessor.java:308)
	... 44 more
Caused by: org.springframework.beans.factory.BeanCreationException: Error creating bean with name 'sqlSessionFactory' defined in class path resource [spring-mybatis.xml]: Invocation of init method failed; nested exception is org.springframework.core.NestedIOException: Failed to parse mapping resource: 'file [F:\work\web-ssm\target\classes\mapping\UserMapper.xml]'; nested exception is org.apache.ibatis.builder.BuilderException: Error parsing Mapper XML. Cause: org.apache.ibatis.builder.BuilderException: Error resolving JdbcType. Cause: java.lang.IllegalArgumentException: No enum constant org.apache.ibatis.type.JdbcType.INT
	at org.springframework.beans.factory.support.AbstractAutowireCapableBeanFactory.initializeBean(AbstractAutowireCapableBeanFactory.java:1578)
	at org.springframework.beans.factory.support.AbstractAutowireCapableBeanFactory.doCreateBean(AbstractAutowireCapableBeanFactory.java:545)
	at org.springframework.beans.factory.support.AbstractAutowireCapableBeanFactory.createBean(AbstractAutowireCapableBeanFactory.java:482)
	at org.springframework.beans.factory.support.AbstractBeanFactory$1.getObject(AbstractBeanFactory.java:306)
	at org.springframework.beans.factory.support.DefaultSingletonBeanRegistry.getSingleton(DefaultSingletonBeanRegistry.java:230)
	at org.springframework.beans.factory.support.AbstractBeanFactory.doGetBean(AbstractBeanFactory.java:302)
	at org.springframework.beans.factory.support.AbstractBeanFactory.getBean(AbstractBeanFactory.java:197)
	at org.springframework.beans.factory.support.BeanDefinitionValueResolver.resolveReference(BeanDefinitionValueResolver.java:351)
	... 59 more
Caused by: org.springframework.core.NestedIOException: Failed to parse mapping resource: 'file [F:\work\web-ssm\target\classes\mapping\UserMapper.xml]'; nested exception is org.apache.ibatis.builder.BuilderException: Error parsing Mapper XML. Cause: org.apache.ibatis.builder.BuilderException: Error resolving JdbcType. Cause: java.lang.IllegalArgumentException: No enum constant org.apache.ibatis.type.JdbcType.INT
	at org.mybatis.spring.SqlSessionFactoryBean.buildSqlSessionFactory(SqlSessionFactoryBean.java:466)
	at org.mybatis.spring.SqlSessionFactoryBean.afterPropertiesSet(SqlSessionFactoryBean.java:340)
	at org.springframework.beans.factory.support.AbstractAutowireCapableBeanFactory.invokeInitMethods(AbstractAutowireCapableBeanFactory.java:1637)
	at org.springframework.beans.factory.support.AbstractAutowireCapableBeanFactory.initializeBean(AbstractAutowireCapableBeanFactory.java:1574)
	... 66 more
Caused by: org.apache.ibatis.builder.BuilderException: Error parsing Mapper XML. Cause: org.apache.ibatis.builder.BuilderException: Error resolving JdbcType. Cause: java.lang.IllegalArgumentException: No enum constant org.apache.ibatis.type.JdbcType.INT
	at org.apache.ibatis.builder.xml.XMLMapperBuilder.configurationElement(XMLMapperBuilder.java:120)
	at org.apache.ibatis.builder.xml.XMLMapperBuilder.parse(XMLMapperBuilder.java:92)
	at org.mybatis.spring.SqlSessionFactoryBean.buildSqlSessionFactory(SqlSessionFactoryBean.java:464)
	... 69 more
Caused by: org.apache.ibatis.builder.BuilderException: Error resolving JdbcType. Cause: java.lang.IllegalArgumentException: No enum constant org.apache.ibatis.type.JdbcType.INT
	at org.apache.ibatis.builder.BaseBuilder.resolveJdbcType(BaseBuilder.java:66)
	at org.apache.ibatis.builder.xml.XMLMapperBuilder.buildResultMappingFromContext(XMLMapperBuilder.java:374)
	at org.apache.ibatis.builder.xml.XMLMapperBuilder.resultMapElement(XMLMapperBuilder.java:279)
	at org.apache.ibatis.builder.xml.XMLMapperBuilder.resultMapElement(XMLMapperBuilder.java:251)
	at org.apache.ibatis.builder.xml.XMLMapperBuilder.resultMapElements(XMLMapperBuilder.java:243)
	at org.apache.ibatis.builder.xml.XMLMapperBuilder.configurationElement(XMLMapperBuilder.java:116)
	... 71 more
Caused by: java.lang.IllegalArgumentException: No enum constant org.apache.ibatis.type.JdbcType.INT
	at java.lang.Enum.valueOf(Enum.java:238)
	at org.apache.ibatis.type.JdbcType.valueOf(JdbcType.java:25)
	at org.apache.ibatis.builder.BaseBuilder.resolveJdbcType(BaseBuilder.java:64)
	... 76 more
[INFO][main][2017-02-24 15:23:47][org.springframework.test.context.support.AbstractTestContextBootstrapper] - Loaded default TestExecutionListener class names from location [META-INF/spring.factories]: [org.springframework.test.context.web.ServletTestExecutionListener, org.springframework.test.context.support.DirtiesContextBeforeModesTestExecutionListener, org.springframework.test.context.support.DependencyInjectionTestExecutionListener, org.springframework.test.context.support.DirtiesContextTestExecutionListener, org.springframework.test.context.transaction.TransactionalTestExecutionListener, org.springframework.test.context.jdbc.SqlScriptsTestExecutionListener]
[INFO][main][2017-02-24 15:23:47][org.springframework.test.context.support.AbstractTestContextBootstrapper] - Using TestExecutionListeners: [org.springframework.test.context.web.ServletTestExecutionListener@4678c730, org.springframework.test.context.support.DirtiesContextBeforeModesTestExecutionListener@6767c1fc, org.springframework.test.context.support.DependencyInjectionTestExecutionListener@29ee9faa, org.springframework.test.context.support.DirtiesContextTestExecutionListener@c038203, org.springframework.test.context.transaction.TransactionalTestExecutionListener@cc285f4, org.springframework.test.context.jdbc.SqlScriptsTestExecutionListener@55f3ddb1]
[INFO][main][2017-02-24 15:23:47][org.springframework.beans.factory.xml.XmlBeanDefinitionReader] - Loading XML bean definitions from class path resource [spring-mybatis.xml]
[INFO][main][2017-02-24 15:23:48][org.springframework.beans.factory.xml.XmlBeanDefinitionReader] - Loading XML bean definitions from class path resource [spring-mvc.xml]
[INFO][main][2017-02-24 15:23:48][org.springframework.context.support.AbstractApplicationContext] - Refreshing org.springframework.context.support.GenericApplicationContext@13805618: startup date [Fri Feb 24 15:23:48 CST 2017]; root of context hierarchy
[INFO][main][2017-02-24 15:23:48][org.springframework.core.io.support.PropertiesLoaderSupport] - Loading properties file from class path resource [jdbc.properties]
[INFO][main][2017-02-24 15:23:48][org.springframework.beans.factory.annotation.AutowiredAnnotationBeanPostProcessor] - JSR-330 'javax.inject.Inject' annotation found and supported for autowiring
[INFO][main][2017-02-24 15:23:49][org.springframework.web.servlet.handler.AbstractHandlerMethodMapping$MappingRegistry] - Mapped "{[/star/view/demo]}" onto public java.lang.String com.self.controller.StarScoreController.toStar()
[INFO][main][2017-02-24 15:23:49][org.springframework.web.servlet.handler.AbstractHandlerMethodMapping$MappingRegistry] - Mapped "{[/user/getUserByEmailOrPhone]}" onto public com.self.model.User com.self.controller.UserController.getUserByPhoneOrEmail(java.lang.String)
[INFO][main][2017-02-24 15:23:49][org.springframework.web.servlet.handler.AbstractHandlerMethodMapping$MappingRegistry] - Mapped "{[/user/login]}" onto public com.self.model.User com.self.controller.UserController.checkLogin(java.lang.String,java.lang.String) throws java.lang.Exception
[INFO][main][2017-02-24 15:23:49][org.springframework.web.servlet.handler.AbstractHandlerMethodMapping$MappingRegistry] - Mapped "{[/user/getUserById]}" onto public com.self.model.User com.self.controller.UserController.getUserById(java.lang.Long)
[INFO][main][2017-02-24 15:23:49][org.springframework.web.servlet.handler.AbstractHandlerMethodMapping$MappingRegistry] - Mapped "{[/user/view/login]}" onto public java.lang.String com.self.controller.UserController.toUserLogin()
[INFO][main][2017-02-24 15:23:49][org.springframework.web.servlet.handler.AbstractHandlerMethodMapping$MappingRegistry] - Mapped "{[/user/view/list]}" onto public java.lang.String com.self.controller.UserController.toUserList()
[INFO][main][2017-02-24 15:23:49][org.springframework.web.servlet.handler.AbstractHandlerMethodMapping$MappingRegistry] - Mapped "{[/user/view/reg]}" onto public java.lang.String com.self.controller.UserController.toUserReg()
[INFO][main][2017-02-24 15:23:49][org.springframework.web.servlet.handler.AbstractHandlerMethodMapping$MappingRegistry] - Mapped "{[/user/showUser]}" onto java.util.List<com.self.model.User> com.self.controller.UserController.showUser(javax.servlet.http.HttpServletRequest,org.springframework.ui.Model)
[INFO][main][2017-02-24 15:23:49][org.springframework.web.servlet.handler.AbstractHandlerMethodMapping$MappingRegistry] - Mapped "{[/user/addUser]}" onto public int com.self.controller.UserController.addUser(com.self.model.User)
[INFO][main][2017-02-24 15:23:50][org.springframework.web.servlet.mvc.method.annotation.RequestMappingHandlerAdapter] - Looking for @ControllerAdvice: org.springframework.context.support.GenericApplicationContext@13805618: startup date [Fri Feb 24 15:23:48 CST 2017]; root of context hierarchy
[INFO][main][2017-02-24 15:23:50][org.springframework.web.servlet.handler.AbstractUrlHandlerMapping] - Mapped URL path [/assets/**] onto handler 'org.springframework.web.servlet.resource.ResourceHttpRequestHandler#0'
[INFO][Thread-0][2017-02-24 15:23:51][org.springframework.context.support.AbstractApplicationContext] - Closing org.springframework.context.support.GenericApplicationContext@13805618: startup date [Fri Feb 24 15:23:48 CST 2017]; root of context hierarchy
